2018-10-31 12:05:59 INFO  javaSimpleSolution:378 - 0
2018-10-31 12:05:59 INFO  javaSimpleSolution:379 - 3
2018-10-31 12:05:59 INFO  javaSimpleSolution:381 - 2
2018-10-31 12:05:59 INFO  javaSimpleSolution:382 - -128
2018-10-31 12:05:59 INFO  javaSimpleSolution:384 - 5.0
2018-10-31 12:05:59 INFO  javaSimpleSolution:385 - 1.5
2018-10-31 12:05:59 INFO  javaSimpleSolution:387 - true
2018-10-31 12:05:59 INFO  javaSimpleSolution:388 - false
2018-10-31 12:05:59 INFO  javaSimpleSolution:390 - true
2018-10-31 12:05:59 INFO  javaSimpleSolution:391 - true
2018-10-31 12:05:59 INFO  javaSimpleSolution:392 - false
2018-10-31 12:05:59 INFO  javaSimpleSolution:393 - false
2018-10-31 12:05:59 INFO  javaSimpleSolution:395 - 2.0
2018-10-31 12:05:59 INFO  javaSimpleSolution:396 - 2.5
2018-10-31 12:05:59 INFO  javaSimpleSolution:398 - 10
2018-10-31 12:05:59 INFO  javaSimpleSolution:399 - 17
2018-10-31 12:05:59 INFO  javaSimpleSolution:401 - 0
2018-10-31 12:05:59 INFO  javaSimpleSolution:402 - 0
2018-10-31 12:05:59 INFO  javaSimpleSolution:403 - 34
2018-10-31 12:05:59 INFO  javaSimpleSolution:405 - [I@9807454
2018-10-31 12:05:59 INFO  javaSimpleSolution:407 - 0
2018-10-31 12:05:59 INFO  javaSimpleSolution:408 - 1
2018-10-31 12:05:59 INFO  javaSimpleSolution:409 - 6
2018-10-31 12:05:59 INFO  javaSimpleSolution:411 - [I@3d494fbf
2018-10-31 12:05:59 INFO  javaSimpleSolution:412 - [I@1ddc4ec2
2018-10-31 12:05:59 INFO  javaSimpleSolution:413 - [I@133314b
2018-10-31 12:05:59 INFO  javaSimpleSolution:415 - true
2018-10-31 12:05:59 INFO  javaSimpleSolution:416 - true
2018-10-31 12:05:59 INFO  javaSimpleSolution:418 - true
2018-10-31 12:05:59 INFO  javaSimpleSolution:419 - false
2018-10-31 12:08:17 INFO  javaSimpleSolution:378 - 0
2018-10-31 12:08:17 INFO  javaSimpleSolution:379 - 3
2018-10-31 12:08:17 INFO  javaSimpleSolution:381 - 2
2018-10-31 12:08:17 INFO  javaSimpleSolution:382 - -128
2018-10-31 12:08:17 INFO  javaSimpleSolution:384 - 5.0
2018-10-31 12:08:17 INFO  javaSimpleSolution:385 - 1.5
2018-10-31 12:08:17 INFO  javaSimpleSolution:387 - true
2018-10-31 12:08:17 INFO  javaSimpleSolution:388 - false
2018-10-31 12:08:17 INFO  javaSimpleSolution:390 - true
2018-10-31 12:08:17 INFO  javaSimpleSolution:391 - true
2018-10-31 12:08:17 INFO  javaSimpleSolution:392 - false
2018-10-31 12:08:17 INFO  javaSimpleSolution:393 - false
2018-10-31 12:08:17 INFO  javaSimpleSolution:395 - 2.0
2018-10-31 12:08:17 INFO  javaSimpleSolution:396 - 2.5
2018-10-31 12:08:17 INFO  javaSimpleSolution:398 - 10
2018-10-31 12:08:17 INFO  javaSimpleSolution:399 - 17
2018-10-31 12:08:17 INFO  javaSimpleSolution:401 - 0
2018-10-31 12:08:17 INFO  javaSimpleSolution:402 - 0
2018-10-31 12:08:17 INFO  javaSimpleSolution:403 - 34
2018-10-31 12:08:17 INFO  javaSimpleSolution:405 - [I@506e1b77
2018-10-31 12:08:17 INFO  javaSimpleSolution:407 - 0
2018-10-31 12:08:17 INFO  javaSimpleSolution:408 - 1
2018-10-31 12:08:17 INFO  javaSimpleSolution:409 - 6
2018-10-31 12:08:17 INFO  javaSimpleSolution:411 - [I@4fca772d
2018-10-31 12:08:17 INFO  javaSimpleSolution:412 - [I@9807454
2018-10-31 12:08:17 INFO  javaSimpleSolution:413 - [I@3d494fbf
2018-10-31 12:08:17 INFO  javaSimpleSolution:415 - true
2018-10-31 12:08:17 INFO  javaSimpleSolution:416 - true
2018-10-31 12:08:17 INFO  javaSimpleSolution:418 - true
2018-10-31 12:08:17 INFO  javaSimpleSolution:419 - false
2018-10-31 12:08:37 INFO  javaSimpleSolution:378 - 0
2018-10-31 12:08:37 INFO  javaSimpleSolution:379 - 3
2018-10-31 12:08:37 INFO  javaSimpleSolution:381 - 2
2018-10-31 12:08:37 INFO  javaSimpleSolution:382 - -128
2018-10-31 12:08:37 INFO  javaSimpleSolution:384 - 5.0
2018-10-31 12:08:37 INFO  javaSimpleSolution:385 - 1.5
2018-10-31 12:08:37 INFO  javaSimpleSolution:387 - true
2018-10-31 12:08:37 INFO  javaSimpleSolution:388 - false
2018-10-31 12:08:37 INFO  javaSimpleSolution:390 - true
2018-10-31 12:08:37 INFO  javaSimpleSolution:391 - true
2018-10-31 12:08:37 INFO  javaSimpleSolution:392 - false
2018-10-31 12:08:37 INFO  javaSimpleSolution:393 - false
2018-10-31 12:08:37 INFO  javaSimpleSolution:395 - 2.0
2018-10-31 12:08:37 INFO  javaSimpleSolution:396 - 2.5
2018-10-31 12:08:37 INFO  javaSimpleSolution:398 - 10
2018-10-31 12:08:37 INFO  javaSimpleSolution:399 - 17
2018-10-31 12:08:37 INFO  javaSimpleSolution:401 - 0
2018-10-31 12:08:37 INFO  javaSimpleSolution:402 - 0
2018-10-31 12:08:37 INFO  javaSimpleSolution:403 - 34
2018-10-31 12:08:37 INFO  javaSimpleSolution:405 - [I@506e1b77
2018-10-31 12:08:37 INFO  javaSimpleSolution:407 - 0
2018-10-31 12:08:37 INFO  javaSimpleSolution:408 - 1
2018-10-31 12:08:37 INFO  javaSimpleSolution:409 - 6
2018-10-31 12:08:37 INFO  javaSimpleSolution:411 - [I@4fca772d
2018-10-31 12:08:37 INFO  javaSimpleSolution:412 - [I@9807454
2018-10-31 12:08:37 INFO  javaSimpleSolution:413 - [I@3d494fbf
2018-10-31 12:08:37 INFO  javaSimpleSolution:415 - true
2018-10-31 12:08:37 INFO  javaSimpleSolution:416 - true
2018-10-31 12:08:37 INFO  javaSimpleSolution:418 - true
2018-10-31 12:08:37 INFO  javaSimpleSolution:419 - false
2018-10-31 12:17:33 INFO  javaSimpleSolution:379 - 0
2018-10-31 12:17:33 INFO  javaSimpleSolution:380 - 3
2018-10-31 12:17:33 INFO  javaSimpleSolution:382 - 2
2018-10-31 12:17:33 INFO  javaSimpleSolution:383 - -128
2018-10-31 12:17:33 INFO  javaSimpleSolution:385 - 5.0
2018-10-31 12:17:33 INFO  javaSimpleSolution:386 - 1.5
2018-10-31 12:17:33 INFO  javaSimpleSolution:388 - true
2018-10-31 12:17:33 INFO  javaSimpleSolution:389 - false
2018-10-31 12:17:33 INFO  javaSimpleSolution:391 - true
2018-10-31 12:17:33 INFO  javaSimpleSolution:392 - true
2018-10-31 12:17:33 INFO  javaSimpleSolution:393 - false
2018-10-31 12:17:33 INFO  javaSimpleSolution:394 - false
2018-10-31 12:17:33 INFO  javaSimpleSolution:396 - 2.0
2018-10-31 12:17:33 INFO  javaSimpleSolution:397 - 2.5
2018-10-31 12:17:33 INFO  javaSimpleSolution:399 - 10
2018-10-31 12:17:33 INFO  javaSimpleSolution:400 - 17
2018-10-31 12:17:33 INFO  javaSimpleSolution:402 - 0
2018-10-31 12:17:33 INFO  javaSimpleSolution:403 - 0
2018-10-31 12:17:33 INFO  javaSimpleSolution:404 - 34
2018-10-31 12:17:33 INFO  javaSimpleSolution:406 - [2, 2, 2, 3, 4, 5]
2018-10-31 12:17:33 INFO  javaSimpleSolution:408 - 0
2018-10-31 12:17:33 INFO  javaSimpleSolution:409 - 1
2018-10-31 12:17:33 INFO  javaSimpleSolution:410 - 6
2018-10-31 12:17:33 INFO  javaSimpleSolution:412 - [2, 3, 4, 5, 1]
2018-10-31 12:17:33 INFO  javaSimpleSolution:413 - [2, 3, 4, 5, 1]
2018-10-31 12:17:33 INFO  javaSimpleSolution:414 - [4, 5, 1, 2, 3]
2018-10-31 12:17:33 INFO  javaSimpleSolution:416 - true
2018-10-31 12:17:33 INFO  javaSimpleSolution:417 - true
2018-10-31 12:17:33 INFO  javaSimpleSolution:419 - true
2018-10-31 12:17:33 INFO  javaSimpleSolution:420 - false
2018-10-31 12:23:56 INFO  javaSimpleSolution:380 - 0
2018-10-31 12:23:56 INFO  javaSimpleSolution:381 - 3
2018-10-31 12:23:56 INFO  javaSimpleSolution:383 - 2
2018-10-31 12:23:56 INFO  javaSimpleSolution:384 - -128
2018-10-31 12:23:56 INFO  javaSimpleSolution:386 - 5.0
2018-10-31 12:23:56 INFO  javaSimpleSolution:387 - 1.5
2018-10-31 12:23:56 INFO  javaSimpleSolution:389 - true
2018-10-31 12:23:56 INFO  javaSimpleSolution:390 - false
2018-10-31 12:23:56 INFO  javaSimpleSolution:392 - true
2018-10-31 12:23:56 INFO  javaSimpleSolution:393 - true
2018-10-31 12:23:56 INFO  javaSimpleSolution:394 - false
2018-10-31 12:23:56 INFO  javaSimpleSolution:395 - false
2018-10-31 12:23:56 INFO  javaSimpleSolution:397 - 2.0
2018-10-31 12:23:56 INFO  javaSimpleSolution:398 - 2.5
2018-10-31 12:23:56 INFO  javaSimpleSolution:400 - 10
2018-10-31 12:23:56 INFO  javaSimpleSolution:401 - 17
2018-10-31 12:23:56 INFO  javaSimpleSolution:403 - 0
2018-10-31 12:23:56 INFO  javaSimpleSolution:404 - 0
2018-10-31 12:23:56 INFO  javaSimpleSolution:405 - 34
2018-10-31 12:23:56 INFO  javaSimpleSolution:407 - [2, 2, 2, 3, 4, 5]
2018-10-31 12:23:56 INFO  javaSimpleSolution:409 - 1
2018-10-31 12:23:56 INFO  javaSimpleSolution:410 - 1
2018-10-31 12:23:56 INFO  javaSimpleSolution:411 - 6
2018-10-31 12:23:56 INFO  javaSimpleSolution:413 - [2, 3, 4, 5, 1]
2018-10-31 12:23:56 INFO  javaSimpleSolution:414 - [2, 3, 4, 5, 1]
2018-10-31 12:23:56 INFO  javaSimpleSolution:415 - [4, 5, 1, 2, 3]
2018-10-31 12:23:56 INFO  javaSimpleSolution:417 - true
2018-10-31 12:23:56 INFO  javaSimpleSolution:418 - true
2018-10-31 12:23:56 INFO  javaSimpleSolution:420 - true
2018-10-31 12:23:56 INFO  javaSimpleSolution:421 - false
2018-10-31 12:24:38 INFO  javaSimpleSolution:380 - 0
2018-10-31 12:24:38 INFO  javaSimpleSolution:381 - 3
2018-10-31 12:24:38 INFO  javaSimpleSolution:383 - 2
2018-10-31 12:24:38 INFO  javaSimpleSolution:384 - -128
2018-10-31 12:24:38 INFO  javaSimpleSolution:386 - 5.0
2018-10-31 12:24:39 INFO  javaSimpleSolution:387 - 1.5
2018-10-31 12:24:39 INFO  javaSimpleSolution:389 - true
2018-10-31 12:24:39 INFO  javaSimpleSolution:390 - false
2018-10-31 12:24:39 INFO  javaSimpleSolution:392 - true
2018-10-31 12:24:39 INFO  javaSimpleSolution:393 - true
2018-10-31 12:24:39 INFO  javaSimpleSolution:394 - false
2018-10-31 12:24:39 INFO  javaSimpleSolution:395 - false
2018-10-31 12:24:39 INFO  javaSimpleSolution:397 - 2.0
2018-10-31 12:24:39 INFO  javaSimpleSolution:398 - 2.5
2018-10-31 12:24:39 INFO  javaSimpleSolution:400 - 10
2018-10-31 12:24:39 INFO  javaSimpleSolution:401 - 17
2018-10-31 12:24:39 INFO  javaSimpleSolution:403 - 0
2018-10-31 12:24:39 INFO  javaSimpleSolution:404 - 0
2018-10-31 12:24:39 INFO  javaSimpleSolution:405 - 34
2018-10-31 12:24:39 INFO  javaSimpleSolution:407 - [2, 2, 2, 3, 4, 5]
2018-10-31 12:24:39 INFO  javaSimpleSolution:409 - 1
2018-10-31 12:24:39 INFO  javaSimpleSolution:410 - 1
2018-10-31 12:24:39 INFO  javaSimpleSolution:411 - 6
2018-10-31 12:24:39 INFO  javaSimpleSolution:413 - [2, 3, 4, 5, 1]
2018-10-31 12:24:39 INFO  javaSimpleSolution:414 - [2, 3, 4, 5, 1]
2018-10-31 12:24:39 INFO  javaSimpleSolution:415 - [4, 5, 1, 2, 3]
2018-10-31 12:24:39 INFO  javaSimpleSolution:417 - true
2018-10-31 12:24:39 INFO  javaSimpleSolution:418 - true
2018-10-31 12:24:39 INFO  javaSimpleSolution:420 - true
2018-10-31 12:24:39 INFO  javaSimpleSolution:421 - false
2018-10-31 12:26:40 INFO  javaSimpleSolution:380 - 0
2018-10-31 12:26:40 INFO  javaSimpleSolution:381 - 3
2018-10-31 12:26:40 INFO  javaSimpleSolution:383 - 2
2018-10-31 12:26:40 INFO  javaSimpleSolution:384 - -128
2018-10-31 12:26:40 INFO  javaSimpleSolution:386 - 5.0
2018-10-31 12:26:40 INFO  javaSimpleSolution:387 - 1.5
2018-10-31 12:26:40 INFO  javaSimpleSolution:389 - true
2018-10-31 12:26:40 INFO  javaSimpleSolution:390 - false
2018-10-31 12:26:40 INFO  javaSimpleSolution:392 - true
2018-10-31 12:26:40 INFO  javaSimpleSolution:393 - true
2018-10-31 12:26:40 INFO  javaSimpleSolution:394 - false
2018-10-31 12:26:40 INFO  javaSimpleSolution:395 - false
2018-10-31 12:26:40 INFO  javaSimpleSolution:397 - 2.0
2018-10-31 12:26:40 INFO  javaSimpleSolution:398 - 2.5
2018-10-31 12:26:40 INFO  javaSimpleSolution:400 - 10
2018-10-31 12:26:40 INFO  javaSimpleSolution:401 - 17
2018-10-31 12:26:40 INFO  javaSimpleSolution:403 - 0
2018-10-31 12:26:40 INFO  javaSimpleSolution:404 - 1
2018-10-31 12:26:40 INFO  javaSimpleSolution:405 - 34
2018-10-31 12:26:40 INFO  javaSimpleSolution:407 - [2, 2, 2, 3, 4, 5]
2018-10-31 12:26:40 INFO  javaSimpleSolution:409 - 1
2018-10-31 12:26:40 INFO  javaSimpleSolution:410 - 1
2018-10-31 12:26:40 INFO  javaSimpleSolution:411 - 6
2018-10-31 12:26:40 INFO  javaSimpleSolution:413 - [2, 3, 4, 5, 1]
2018-10-31 12:26:40 INFO  javaSimpleSolution:414 - [2, 3, 4, 5, 1]
2018-10-31 12:26:40 INFO  javaSimpleSolution:415 - [4, 5, 1, 2, 3]
2018-10-31 12:26:40 INFO  javaSimpleSolution:417 - true
2018-10-31 12:26:40 INFO  javaSimpleSolution:418 - true
2018-10-31 12:26:40 INFO  javaSimpleSolution:420 - true
2018-10-31 12:26:40 INFO  javaSimpleSolution:421 - false
2018-10-31 12:29:21 INFO  javaSimpleSolution:380 - 0
2018-10-31 12:29:21 INFO  javaSimpleSolution:381 - 3
2018-10-31 12:29:21 INFO  javaSimpleSolution:383 - 2
2018-10-31 12:29:21 INFO  javaSimpleSolution:384 - -128
2018-10-31 12:29:21 INFO  javaSimpleSolution:386 - 5.0
2018-10-31 12:29:21 INFO  javaSimpleSolution:387 - 1.5
2018-10-31 12:29:21 INFO  javaSimpleSolution:389 - true
2018-10-31 12:29:21 INFO  javaSimpleSolution:390 - false
2018-10-31 12:29:21 INFO  javaSimpleSolution:392 - true
2018-10-31 12:29:21 INFO  javaSimpleSolution:393 - true
2018-10-31 12:29:21 INFO  javaSimpleSolution:394 - false
2018-10-31 12:29:21 INFO  javaSimpleSolution:395 - false
2018-10-31 12:29:21 INFO  javaSimpleSolution:397 - 2.0
2018-10-31 12:29:21 INFO  javaSimpleSolution:398 - 2.5
2018-10-31 12:29:21 INFO  javaSimpleSolution:400 - 10
2018-10-31 12:29:21 INFO  javaSimpleSolution:401 - 17
2018-10-31 12:29:21 INFO  javaSimpleSolution:403 - 0
2018-10-31 12:29:21 INFO  javaSimpleSolution:404 - 1
2018-10-31 12:29:21 INFO  javaSimpleSolution:405 - 34
2018-10-31 12:29:21 INFO  javaSimpleSolution:407 - [1, 1, 2, 3, 4, 5]
2018-10-31 12:29:21 INFO  javaSimpleSolution:409 - 1
2018-10-31 12:29:21 INFO  javaSimpleSolution:410 - 1
2018-10-31 12:29:22 INFO  javaSimpleSolution:411 - 6
2018-10-31 12:29:22 INFO  javaSimpleSolution:413 - [2, 3, 4, 5, 1]
2018-10-31 12:29:22 INFO  javaSimpleSolution:414 - [2, 3, 4, 5, 1]
2018-10-31 12:29:22 INFO  javaSimpleSolution:415 - [4, 5, 1, 2, 3]
2018-10-31 12:29:22 INFO  javaSimpleSolution:417 - true
2018-10-31 12:29:22 INFO  javaSimpleSolution:418 - true
2018-10-31 12:29:22 INFO  javaSimpleSolution:420 - true
2018-10-31 12:29:22 INFO  javaSimpleSolution:421 - false
